  ▲ Next.js 14.2.35
  - Local:        http://localhost:3000
  - Environments: .env.local

 ✓ Starting...
 ✓ Ready in 1742ms
 ○ Compiling / ...
 ✓ Compiled / in 3.6s (1286 modules)
 GET / 200 in 3781ms
 ✓ Compiled in 319ms (650 modules)
 ○ Compiling /daily-epaper/print/[date] ...
 ✓ Compiled /daily-epaper/print/[date] in 736ms (1309 modules)
 GET /daily-epaper/print/2026-03-19 200 in 1178ms
 ○ Compiling /api/epaper ...
 ✓ Compiled /daily-epaper in 1639ms (682 modules)
 ✓ Compiled in 1730ms (670 modules)
 GET /api/epaper?date=2026-03-19&_t=1773893409460 200 in 4075ms
 GET /api/epaper?date=2026-03-19&_t=1773893409471 200 in 4069ms
 GET /api/epaper?date=2026-03-19&_t=1773893409481 200 in 4072ms
 GET /api/epaper?date=2026-03-19&_t=1773893409482 200 in 4072ms
 GET /daily-epaper 200 in 7122ms
 GET / 200 in 7129ms
 ○ Compiling /daily-epaper/archive ...
 ✓ Compiled /daily-epaper/archive in 4s (1388 modules)
 GET /daily-epaper/archive 200 in 7151ms
 GET /daily-epaper/print/2026-03-19 200 in 81ms
 GET /api/epaper?date=2026-03-19&_t=1773894044923 200 in 37ms
 GET /api/epaper?date=2026-03-19&_t=1773894044930 200 in 56ms
 GET /api/epaper?date=2026-03-19&_t=1773894044937 200 in 40ms
 GET /api/epaper?date=2026-03-19&_t=1773894044937 200 in 41ms
 GET / 200 in 132ms
 GET /daily-epaper/archive 200 in 132ms
 GET /daily-epaper 200 in 134ms
 GET / 200 in 184ms
 GET /daily-epaper/print/2026-03-19 200 in 27ms
 GET /api/epaper?date=2026-03-19&_t=1773894441121 200 in 23ms
 GET /api/epaper?date=2026-03-19&_t=1773894441127 200 in 28ms
 GET /api/epaper?date=2026-03-19&_t=1773894441133 200 in 23ms
 GET /api/epaper?date=2026-03-19&_t=1773894441133 200 in 23ms
 GET / 200 in 72ms
 GET /daily-epaper/archive 200 in 75ms
 GET /daily-epaper 200 in 75ms
 ○ Compiling /daily-epaper/[date] ...
 ✓ Compiled /daily-epaper/[date] in 1049ms (1335 modules)
 GET /daily-epaper/2026-03-19 200 in 1817ms
 ✓ Compiled /api/epaper in 115ms (688 modules)
 GET /api/epaper?date=2026-03-19 200 in 243ms
 GET /api/epaper?date=2026-03-19 200 in 15ms
 GET /api/epaper?date=2026-03-19 200 in 15ms
 GET /api/epaper?date=2026-03-19 200 in 17ms
 ○ Compiling /current-affairs ...
 ✓ Compiled /current-affairs in 853ms (1369 modules)
 ✓ Compiled /api/epaper in 109ms (701 modules)
 GET /api/epaper?_t=1773895275468 200 in 201ms
 GET /api/epaper?_t=1773895275467 200 in 202ms
 GET /daily-epaper/print/2026-03-19 200 in 170ms
 GET /api/epaper?date=2026-03-19&_t=1773895282865 200 in 25ms
 GET /api/epaper?date=2026-03-19&_t=1773895282870 200 in 27ms
 GET /api/epaper?date=2026-03-19&_t=1773895282875 200 in 26ms
 GET /api/epaper?date=2026-03-19&_t=1773895282876 200 in 26ms
 ○ Compiling /daily-mock ...
 ✓ Compiled /daily-mock in 778ms (1420 modules)
 ✓ Compiled /api/daily-mock in 270ms (716 modules)
 GET /api/daily-mock?_t=1773895298085 200 in 434ms
 GET /api/daily-mock?_t=1773895298084 200 in 434ms
 GET /api/epaper?_t=1773895330899 200 in 29ms
 GET /api/epaper?_t=1773895330899 200 in 29ms
 ✓ Compiled /daily-epaper/archive in 217ms (722 modules)
 GET /daily-epaper/archive 200 in 411ms
 GET /api/epaper?archive=true 200 in 26ms
 GET /api/epaper?archive=true 200 in 9ms
 GET /api/epaper?archive=true 200 in 9ms
 GET /api/epaper?archive=true 200 in 9ms
 ○ Compiling / ...
 ✓ Compiled / in 580ms (700 modules)
 GET / 200 in 836ms
 ✓ Compiled /api/epaper in 413ms (720 modules)
 GET /api/epaper?_t=1773978776440 200 in 416ms
 GET /api/epaper?_t=1773978776440 200 in 499ms
 ✓ Compiled / in 328ms (700 modules)
 GET / 200 in 480ms
 GET /daily-epaper/print/2026-03-20 200 in 53ms
 ✓ Compiled /api/epaper in 403ms (730 modules)
 GET /api/epaper?date=2026-03-20&_t=1773979154063 200 in 541ms
 GET /api/epaper?date=2026-03-20&_t=1773979154071 200 in 541ms
 GET /api/epaper?date=2026-03-20&_t=1773979154072 200 in 541ms
 GET /api/epaper?date=2026-03-20&_t=1773979154049 200 in 566ms
 GET / 200 in 400ms
 ○ Compiling /daily-epaper ...
 ✓ Compiled /daily-epaper in 888ms (737 modules)
 GET /daily-epaper/archive 200 in 1138ms
 GET /daily-epaper 200 in 1138ms
 GET /daily-epaper/print/2026-03-20 200 in 253ms
 GET /api/epaper?date=2026-03-20&_t=1773979174178 200 in 22ms
 GET /api/epaper?date=2026-03-20&_t=1773979174205 200 in 12ms
 GET /api/epaper?date=2026-03-20&_t=1773979174210 200 in 8ms
 GET /api/epaper?date=2026-03-20&_t=1773979174210 200 in 13ms
 GET / 200 in 60ms
 GET /daily-epaper/archive 200 in 61ms
 GET /daily-epaper 200 in 61ms
 ✓ Compiled in 1611ms (1396 modules)
 GET /daily-epaper/print/2026-03-20 200 in 204ms
 ✓ Compiled /api/epaper in 442ms (720 modules)
 GET /api/epaper?date=2026-03-20&_t=1773980126417 200 in 681ms
 GET /api/epaper?date=2026-03-20&_t=1773980126421 200 in 680ms
 GET /api/epaper?date=2026-03-20&_t=1773980126421 200 in 680ms
 GET /api/epaper?date=2026-03-20&_t=1773980126410 200 in 710ms
 GET /daily-epaper/print/2026-03-20 200 in 143ms
 GET /api/epaper?date=2026-03-20&_t=1773980235336 200 in 22ms
 GET /api/epaper?date=2026-03-20&_t=1773980235338 200 in 17ms
 GET /api/epaper?date=2026-03-20&_t=1773980235340 200 in 25ms
 GET /api/epaper?date=2026-03-20&_t=1773980235341 200 in 25ms
 GET /current-affairs 200 in 113ms
 GET /api/epaper?_t=1773980517024 200 in 100ms
 GET /api/epaper?_t=1773980517029 200 in 76ms
 GET /api/epaper?_t=1773980517045 200 in 178ms
 GET /api/epaper?_t=1773980517046 200 in 179ms
 GET /daily-epaper/archive 200 in 78ms
 GET /api/epaper?archive=true 200 in 13ms
 GET /api/epaper?archive=true 200 in 17ms
 GET /api/epaper?archive=true 200 in 7ms
 GET /api/epaper?archive=true 200 in 9ms
 GET /daily-epaper/archive 200 in 64ms
 GET /api/epaper?archive=true 200 in 46ms
 GET /api/epaper?archive=true 200 in 5ms
 GET /api/epaper?archive=true 200 in 6ms
 GET /api/epaper?archive=true 200 in 8ms
 GET /api/epaper?_t=1773981597967 200 in 24ms
 GET /api/epaper?_t=1773981597968 200 in 23ms
 GET /daily-epaper/print/2026-03-20 200 in 43ms
 GET /api/epaper?date=2026-03-20&_t=1773981600451 200 in 26ms
 GET /api/epaper?date=2026-03-20&_t=1773981600453 200 in 25ms
 GET /api/epaper?date=2026-03-20&_t=1773981600456 200 in 24ms
 GET /api/epaper?date=2026-03-20&_t=1773981600456 200 in 24ms
